<?xml version="1.0" encoding="UTF-8"?>
<testng-results skipped="2" failed="1" ignored="2" total="10" passed="5">
  <reporter-output>
    <line>
      <![CDATA[Test Started:- TC001_testLoginPageTitle]]>
    </line>
    <line>
      <![CDATA[Test Skipped:- TC001_testLoginPageTitle]]>
    </line>
    <line>
      <![CDATA[Test Started:- TC001_testLoginPageTitle]]>
    </line>
    <line>
      <![CDATA[Test Skipped:- TC001_testLoginPageTitle]]>
    </line>
    <line>
      <![CDATA[Test Started:- TC001_testLoginPageTitle]]>
    </line>
    <line>
      <![CDATA[<a href = 'C:\Users\souni_apu\workspace\UiAutomationFreeCRM\com.freecrm.uiAutomation\failedScrenShoot\_2018_05_05_15_32_01\TC001_testLoginPageTitle__2018_05_05_15_32_01.png' > <img src = 'C:\Users\souni_apu\workspace\UiAutomationFreeCRM\com.freecrm.uiAutomation\failedScrenShoot\_2018_05_05_15_32_01\TC001_testLoginPageTitle__2018_05_05_15_32_01.png' hight = '150' width = '150' /> <a/>]]>
    </line>
    <line>
      <![CDATA[Test Started:- TC002_testValidLogin]]>
    </line>
    <line>
      <![CDATA[Test Passed:- TC002_testValidLogin]]>
    </line>
    <line>
      <![CDATA[Test Started:- TC001_testHomePageTitle]]>
    </line>
    <line>
      <![CDATA[Test Passed:- TC001_testHomePageTitle]]>
    </line>
    <line>
      <![CDATA[Test Started:- TC001_testContactsPageLebel]]>
    </line>
    <line>
      <![CDATA[Test Passed:- TC001_testContactsPageLebel]]>
    </line>
    <line>
      <![CDATA[Test Started:- testCreateNewContacts]]>
    </line>
    <line>
      <![CDATA[Test Passed:- testCreateNewContacts]]>
    </line>
    <line>
      <![CDATA[Test Started:- testCreateNewContacts]]>
    </line>
    <line>
      <![CDATA[Test Passed:- testCreateNewContacts]]>
    </line>
  </reporter-output>
  <suite name="Suite" duration-ms="212071" started-at="2018-05-05T10:00:55Z" finished-at="2018-05-05T10:04:27Z">
    <groups>
    </groups>
    <test name="LoginPageTests" duration-ms="85474" started-at="2018-05-05T10:00:55Z" finished-at="2018-05-05T10:02:21Z">
      <class name="com.freecrm.uiAutomation.LoginPageTest.TC002_VerifyLoginWithValidCredentials">
        <test-method status="PASS" signature="TC002_testValidLogin()[pri:0, instance:com.freecrm.uiAutomation.LoginPageTest.TC002_VerifyLoginWithValidCredentials@7fac631b]" name="TC002_testValidLogin" duration-ms="18528" started-at="2018-05-05T15:32:01Z" finished-at="2018-05-05T15:32:20Z">
          <reporter-output>
            <line>
              <![CDATA[Test Started:- TC002_testValidLogin]]>
            </line>
            <line>
              <![CDATA[Test Passed:- TC002_testValidLogin]]>
            </line>
          </reporter-output>
        </test-method> <!-- TC002_testValidLogin -->
      </class> <!-- com.freecrm.uiAutomation.LoginPageTest.TC002_VerifyLoginWithValidCredentials -->
      <class name="com.freecrm.uiAutomation.LoginPageTest.TC001_VerifyPageTitle">
        <test-method status="PASS" signature="setUP()[pri:0, instance:com.freecrm.uiAutomation.LoginPageTest.TC001_VerifyPageTitle@887af79]" name="setUP" is-config="true" duration-ms="63639" started-at="2018-05-05T15:30:55Z" finished-at="2018-05-05T15:31:59Z">
          <reporter-output>
          </reporter-output>
        </test-method> <!-- setUP -->
        <test-method status="SKIP" signature="TC001_testLoginPageTitle()[pri:0, instance:com.freecrm.uiAutomation.LoginPageTest.TC001_VerifyPageTitle@887af79]" name="TC001_testLoginPageTitle" duration-ms="427" started-at="2018-05-05T15:31:59Z" finished-at="2018-05-05T15:31:59Z">
          <exception class="java.lang.AssertionError">
            <message>
              <![CDATA[expected [#1 Free CRM for Any Business: Online Customer Relationship Software] but found [Free CRM software in the cloud powers sales and customer service]]]>
            </message>
            <full-stacktrace>
              <![CDATA[java.lang.AssertionError: expected [#1 Free CRM for Any Business: Online Customer Relationship Software] but found [Free CRM software in the cloud powers sales and customer service]
	at org.testng.Assert.fail(Assert.java:93)
	at org.testng.Assert.failNotEquals(Assert.java:512)
	at org.testng.Assert.assertEqualsImpl(Assert.java:134)
	at org.testng.Assert.assertEquals(Assert.java:115)
	at org.testng.Assert.assertEquals(Assert.java:189)
	at org.testng.Assert.assertEquals(Assert.java:199)
	at com.freecrm.uiAutomation.LoginPageTest.TC001_VerifyPageTitle.TC001_testLoginPageTitle(TC001_VerifyPageTitle.java:19)
	at sun.reflect.NativeMethodAccessorImpl.invoke0(Native Method)
	at sun.reflect.NativeMethodAccessorImpl.invoke(NativeMethodAccessorImpl.java:62)
	at sun.reflect.DelegatingMethodAccessorImpl.invoke(DelegatingMethodAccessorImpl.java:43)
	at java.lang.reflect.Method.invoke(Method.java:498)
	at org.testng.internal.MethodInvocationHelper.invokeMethod(MethodInvocationHelper.java:108)
	at org.testng.internal.Invoker.invokeMethod(Invoker.java:661)
	at org.testng.internal.Invoker.invokeTestMethod(Invoker.java:869)
	at org.testng.internal.Invoker.invokeTestMethods(Invoker.java:1193)
	at org.testng.internal.TestMethodWorker.invokeTestMethods(TestMethodWorker.java:126)
	at org.testng.internal.TestMethodWorker.run(TestMethodWorker.java:109)
	at org.testng.TestRunner.privateRun(TestRunner.java:744)
	at org.testng.TestRunner.run(TestRunner.java:602)
	at org.testng.SuiteRunner.runTest(SuiteRunner.java:380)
	at org.testng.SuiteRunner.runSequentially(SuiteRunner.java:375)
	at org.testng.SuiteRunner.privateRun(SuiteRunner.java:340)
	at org.testng.SuiteRunner.run(SuiteRunner.java:289)
	at org.testng.SuiteRunnerWorker.runSuite(SuiteRunnerWorker.java:52)
	at org.testng.SuiteRunnerWorker.run(SuiteRunnerWorker.java:86)
	at org.testng.TestNG.runSuitesSequentially(TestNG.java:1301)
	at org.testng.TestNG.runSuitesLocally(TestNG.java:1226)
	at org.testng.TestNG.runSuites(TestNG.java:1144)
	at org.testng.TestNG.run(TestNG.java:1115)
	at org.testng.remote.AbstractRemoteTestNG.run(AbstractRemoteTestNG.java:114)
	at org.testng.remote.RemoteTestNG.initAndRun(RemoteTestNG.java:251)
	at org.testng.remote.RemoteTestNG.main(RemoteTestNG.java:77)
]]>
            </full-stacktrace>
          </exception> <!-- java.lang.AssertionError -->
          <reporter-output>
            <line>
              <![CDATA[Test Started:- TC001_testLoginPageTitle]]>
            </line>
            <line>
              <![CDATA[Test Skipped:- TC001_testLoginPageTitle]]>
            </line>
          </reporter-output>
        </test-method> <!-- TC001_testLoginPageTitle -->
        <test-method status="SKIP" signature="TC001_testLoginPageTitle()[pri:0, instance:com.freecrm.uiAutomation.LoginPageTest.TC001_VerifyPageTitle@887af79]" name="TC001_testLoginPageTitle" duration-ms="43" started-at="2018-05-05T15:31:59Z" finished-at="2018-05-05T15:31:59Z">
          <exception class="java.lang.AssertionError">
            <message>
              <![CDATA[expected [#1 Free CRM for Any Business: Online Customer Relationship Software] but found [Free CRM software in the cloud powers sales and customer service]]]>
            </message>
            <full-stacktrace>
              <![CDATA[java.lang.AssertionError: expected [#1 Free CRM for Any Business: Online Customer Relationship Software] but found [Free CRM software in the cloud powers sales and customer service]
	at org.testng.Assert.fail(Assert.java:93)
	at org.testng.Assert.failNotEquals(Assert.java:512)
	at org.testng.Assert.assertEqualsImpl(Assert.java:134)
	at org.testng.Assert.assertEquals(Assert.java:115)
	at org.testng.Assert.assertEquals(Assert.java:189)
	at org.testng.Assert.assertEquals(Assert.java:199)
	at com.freecrm.uiAutomation.LoginPageTest.TC001_VerifyPageTitle.TC001_testLoginPageTitle(TC001_VerifyPageTitle.java:19)
	at sun.reflect.NativeMethodAccessorImpl.invoke0(Native Method)
	at sun.reflect.NativeMethodAccessorImpl.invoke(NativeMethodAccessorImpl.java:62)
	at sun.reflect.DelegatingMethodAccessorImpl.invoke(DelegatingMethodAccessorImpl.java:43)
	at java.lang.reflect.Method.invoke(Method.java:498)
	at org.testng.internal.MethodInvocationHelper.invokeMethod(MethodInvocationHelper.java:108)
	at org.testng.internal.Invoker.invokeMethod(Invoker.java:661)
	at org.testng.internal.Invoker.retryFailed(Invoker.java:1014)
	at org.testng.internal.Invoker.invokeTestMethods(Invoker.java:1215)
	at org.testng.internal.TestMethodWorker.invokeTestMethods(TestMethodWorker.java:126)
	at org.testng.internal.TestMethodWorker.run(TestMethodWorker.java:109)
	at org.testng.TestRunner.privateRun(TestRunner.java:744)
	at org.testng.TestRunner.run(TestRunner.java:602)
	at org.testng.SuiteRunner.runTest(SuiteRunner.java:380)
	at org.testng.SuiteRunner.runSequentially(SuiteRunner.java:375)
	at org.testng.SuiteRunner.privateRun(SuiteRunner.java:340)
	at org.testng.SuiteRunner.run(SuiteRunner.java:289)
	at org.testng.SuiteRunnerWorker.runSuite(SuiteRunnerWorker.java:52)
	at org.testng.SuiteRunnerWorker.run(SuiteRunnerWorker.java:86)
	at org.testng.TestNG.runSuitesSequentially(TestNG.java:1301)
	at org.testng.TestNG.runSuitesLocally(TestNG.java:1226)
	at org.testng.TestNG.runSuites(TestNG.java:1144)
	at org.testng.TestNG.run(TestNG.java:1115)
	at org.testng.remote.AbstractRemoteTestNG.run(AbstractRemoteTestNG.java:114)
	at org.testng.remote.RemoteTestNG.initAndRun(RemoteTestNG.java:251)
	at org.testng.remote.RemoteTestNG.main(RemoteTestNG.java:77)
]]>
            </full-stacktrace>
          </exception> <!-- java.lang.AssertionError -->
          <reporter-output>
            <line>
              <![CDATA[Test Started:- TC001_testLoginPageTitle]]>
            </line>
            <line>
              <![CDATA[Test Skipped:- TC001_testLoginPageTitle]]>
            </line>
          </reporter-output>
        </test-method> <!-- TC001_testLoginPageTitle -->
        <test-method status="FAIL" signature="TC001_testLoginPageTitle()[pri:0, instance:com.freecrm.uiAutomation.LoginPageTest.TC001_VerifyPageTitle@887af79]" name="TC001_testLoginPageTitle" duration-ms="25" started-at="2018-05-05T15:31:59Z" finished-at="2018-05-05T15:31:59Z">
          <exception class="java.lang.AssertionError">
            <message>
              <![CDATA[expected [#1 Free CRM for Any Business: Online Customer Relationship Software] but found [Free CRM software in the cloud powers sales and customer service]]]>
            </message>
            <full-stacktrace>
              <![CDATA[java.lang.AssertionError: expected [#1 Free CRM for Any Business: Online Customer Relationship Software] but found [Free CRM software in the cloud powers sales and customer service]
	at org.testng.Assert.fail(Assert.java:93)
	at org.testng.Assert.failNotEquals(Assert.java:512)
	at org.testng.Assert.assertEqualsImpl(Assert.java:134)
	at org.testng.Assert.assertEquals(Assert.java:115)
	at org.testng.Assert.assertEquals(Assert.java:189)
	at org.testng.Assert.assertEquals(Assert.java:199)
	at com.freecrm.uiAutomation.LoginPageTest.TC001_VerifyPageTitle.TC001_testLoginPageTitle(TC001_VerifyPageTitle.java:19)
	at sun.reflect.NativeMethodAccessorImpl.invoke0(Native Method)
	at sun.reflect.NativeMethodAccessorImpl.invoke(NativeMethodAccessorImpl.java:62)
	at sun.reflect.DelegatingMethodAccessorImpl.invoke(DelegatingMethodAccessorImpl.java:43)
	at java.lang.reflect.Method.invoke(Method.java:498)
	at org.testng.internal.MethodInvocationHelper.invokeMethod(MethodInvocationHelper.java:108)
	at org.testng.internal.Invoker.invokeMethod(Invoker.java:661)
	at org.testng.internal.Invoker.retryFailed(Invoker.java:1014)
	at org.testng.internal.Invoker.invokeTestMethods(Invoker.java:1215)
	at org.testng.internal.TestMethodWorker.invokeTestMethods(TestMethodWorker.java:126)
	at org.testng.internal.TestMethodWorker.run(TestMethodWorker.java:109)
	at org.testng.TestRunner.privateRun(TestRunner.java:744)
	at org.testng.TestRunner.run(TestRunner.java:602)
	at org.testng.SuiteRunner.runTest(SuiteRunner.java:380)
	at org.testng.SuiteRunner.runSequentially(SuiteRunner.java:375)
	at org.testng.SuiteRunner.privateRun(SuiteRunner.java:340)
	at org.testng.SuiteRunner.run(SuiteRunner.java:289)
	at org.testng.SuiteRunnerWorker.runSuite(SuiteRunnerWorker.java:52)
	at org.testng.SuiteRunnerWorker.run(SuiteRunnerWorker.java:86)
	at org.testng.TestNG.runSuitesSequentially(TestNG.java:1301)
	at org.testng.TestNG.runSuitesLocally(TestNG.java:1226)
	at org.testng.TestNG.runSuites(TestNG.java:1144)
	at org.testng.TestNG.run(TestNG.java:1115)
	at org.testng.remote.AbstractRemoteTestNG.run(AbstractRemoteTestNG.java:114)
	at org.testng.remote.RemoteTestNG.initAndRun(RemoteTestNG.java:251)
	at org.testng.remote.RemoteTestNG.main(RemoteTestNG.java:77)
]]>
            </full-stacktrace>
          </exception> <!-- java.lang.AssertionError -->
          <reporter-output>
            <line>
              <![CDATA[Test Started:- TC001_testLoginPageTitle]]>
            </line>
            <line>
              <![CDATA[<a href = 'C:\Users\souni_apu\workspace\UiAutomationFreeCRM\com.freecrm.uiAutomation\failedScrenShoot\_2018_05_05_15_32_01\TC001_testLoginPageTitle__2018_05_05_15_32_01.png' > <img src = 'C:\Users\souni_apu\workspace\UiAutomationFreeCRM\com.freecrm.uiAutomation\failedScrenShoot\_2018_05_05_15_32_01\TC001_testLoginPageTitle__2018_05_05_15_32_01.png' hight = '150' width = '150' /> <a/>]]>
            </line>
          </reporter-output>
        </test-method> <!-- TC001_testLoginPageTitle -->
        <test-method status="PASS" signature="tearDown()[pri:0, instance:com.freecrm.uiAutomation.LoginPageTest.TC001_VerifyPageTitle@887af79]" name="tearDown" is-config="true" duration-ms="942" started-at="2018-05-05T15:32:20Z" finished-at="2018-05-05T15:32:21Z">
          <reporter-output>
          </reporter-output>
        </test-method> <!-- tearDown -->
      </class> <!-- com.freecrm.uiAutomation.LoginPageTest.TC001_VerifyPageTitle -->
    </test> <!-- LoginPageTests -->
    <test name="HomePageTest" duration-ms="21139" started-at="2018-05-05T10:02:21Z" finished-at="2018-05-05T10:02:42Z">
      <class name="com.freecrm.uiAutomation.HomePageTest.TC001_VerifyHomePageTitle">
        <test-method status="PASS" signature="setUP()[pri:0, instance:com.freecrm.uiAutomation.HomePageTest.TC001_VerifyHomePageTitle@3224f60b]" name="setUP" is-config="true" duration-ms="10961" started-at="2018-05-05T15:32:21Z" finished-at="2018-05-05T15:32:32Z">
          <reporter-output>
          </reporter-output>
        </test-method> <!-- setUP -->
        <test-method status="PASS" signature="TC001_testHomePageTitle()[pri:0, instance:com.freecrm.uiAutomation.HomePageTest.TC001_VerifyHomePageTitle@3224f60b]" name="TC001_testHomePageTitle" duration-ms="9970" started-at="2018-05-05T15:32:32Z" finished-at="2018-05-05T15:32:42Z">
          <reporter-output>
            <line>
              <![CDATA[Test Started:- TC001_testHomePageTitle]]>
            </line>
            <line>
              <![CDATA[Test Passed:- TC001_testHomePageTitle]]>
            </line>
          </reporter-output>
        </test-method> <!-- TC001_testHomePageTitle -->
        <test-method status="PASS" signature="tearDown()[pri:0, instance:com.freecrm.uiAutomation.HomePageTest.TC001_VerifyHomePageTitle@3224f60b]" name="tearDown" is-config="true" duration-ms="188" started-at="2018-05-05T15:32:42Z" finished-at="2018-05-05T15:32:42Z">
          <reporter-output>
          </reporter-output>
        </test-method> <!-- tearDown -->
      </class> <!-- com.freecrm.uiAutomation.HomePageTest.TC001_VerifyHomePageTitle -->
    </test> <!-- HomePageTest -->
    <test name="ContactsPageTest" duration-ms="23656" started-at="2018-05-05T10:02:42Z" finished-at="2018-05-05T10:03:06Z">
      <class name="com.freecrm.uiAutomation.ContactsPageTest.TC001_VerifyContactsPageLebel">
        <test-method status="PASS" signature="setUP()[pri:0, instance:com.freecrm.uiAutomation.ContactsPageTest.TC001_VerifyContactsPageLebel@7494e528]" name="setUP" is-config="true" duration-ms="10027" started-at="2018-05-05T15:32:42Z" finished-at="2018-05-05T15:32:52Z">
          <reporter-output>
          </reporter-output>
        </test-method> <!-- setUP -->
        <test-method status="PASS" signature="TC001_testContactsPageLebel()[pri:0, instance:com.freecrm.uiAutomation.ContactsPageTest.TC001_VerifyContactsPageLebel@7494e528]" name="TC001_testContactsPageLebel" duration-ms="10417" started-at="2018-05-05T15:32:52Z" finished-at="2018-05-05T15:33:03Z">
          <reporter-output>
            <line>
              <![CDATA[Test Started:- TC001_testContactsPageLebel]]>
            </line>
            <line>
              <![CDATA[Test Passed:- TC001_testContactsPageLebel]]>
            </line>
          </reporter-output>
        </test-method> <!-- TC001_testContactsPageLebel -->
        <test-method status="PASS" signature="tearDown()[pri:0, instance:com.freecrm.uiAutomation.ContactsPageTest.TC001_VerifyContactsPageLebel@7494e528]" name="tearDown" is-config="true" duration-ms="3187" started-at="2018-05-05T15:33:03Z" finished-at="2018-05-05T15:33:06Z">
          <reporter-output>
          </reporter-output>
        </test-method> <!-- tearDown -->
      </class> <!-- com.freecrm.uiAutomation.ContactsPageTest.TC001_VerifyContactsPageLebel -->
    </test> <!-- ContactsPageTest -->
    <test name="NewContactsPageTest" duration-ms="81423" started-at="2018-05-05T10:03:06Z" finished-at="2018-05-05T10:04:27Z">
      <class name="com.freecrm.uiAutomation.NewContactsPageTest.TC001_CreateNewContacts">
        <test-method status="PASS" signature="setUP()[pri:0, instance:com.freecrm.uiAutomation.NewContactsPageTest.TC001_CreateNewContacts@2a17b7b6]" name="setUP" is-config="true" duration-ms="10111" started-at="2018-05-05T15:33:06Z" finished-at="2018-05-05T15:33:16Z">
          <reporter-output>
          </reporter-output>
        </test-method> <!-- setUP -->
        <test-method status="PASS" signature="testCreateNewContacts(java.lang.String, java.lang.String, java.lang.String)[pri:0, instance:com.freecrm.uiAutomation.NewContactsPageTest.TC001_CreateNewContacts@2a17b7b6]" name="testCreateNewContacts" duration-ms="32959" started-at="2018-05-05T15:33:19Z" data-provider="getData" finished-at="2018-05-05T15:33:52Z">
          <params>
            <param index="0">
              <value>
                <![CDATA[Mr.]]>
              </value>
            </param>
            <param index="1">
              <value>
                <![CDATA[Souni]]>
              </value>
            </param>
            <param index="2">
              <value>
                <![CDATA[Banerjee]]>
              </value>
            </param>
          </params>
          <reporter-output>
            <line>
              <![CDATA[Test Started:- testCreateNewContacts]]>
            </line>
            <line>
              <![CDATA[Test Passed:- testCreateNewContacts]]>
            </line>
          </reporter-output>
        </test-method> <!-- testCreateNewContacts -->
        <test-method status="PASS" signature="testCreateNewContacts(java.lang.String, java.lang.String, java.lang.String)[pri:0, instance:com.freecrm.uiAutomation.NewContactsPageTest.TC001_CreateNewContacts@2a17b7b6]" name="testCreateNewContacts" duration-ms="34699" started-at="2018-05-05T15:33:52Z" data-provider="getData" finished-at="2018-05-05T15:34:27Z">
          <params>
            <param index="0">
              <value>
                <![CDATA[Dr.]]>
              </value>
            </param>
            <param index="1">
              <value>
                <![CDATA[Shamik]]>
              </value>
            </param>
            <param index="2">
              <value>
                <![CDATA[Sen]]>
              </value>
            </param>
          </params>
          <reporter-output>
            <line>
              <![CDATA[Test Started:- testCreateNewContacts]]>
            </line>
            <line>
              <![CDATA[Test Passed:- testCreateNewContacts]]>
            </line>
          </reporter-output>
        </test-method> <!-- testCreateNewContacts -->
        <test-method status="PASS" signature="tearDown()[pri:0, instance:com.freecrm.uiAutomation.NewContactsPageTest.TC001_CreateNewContacts@2a17b7b6]" name="tearDown" is-config="true" duration-ms="188" started-at="2018-05-05T15:34:27Z" finished-at="2018-05-05T15:34:27Z">
          <reporter-output>
          </reporter-output>
        </test-method> <!-- tearDown -->
      </class> <!-- com.freecrm.uiAutomation.NewContactsPageTest.TC001_CreateNewContacts -->
    </test> <!-- NewContactsPageTest -->
  </suite> <!-- Suite -->
</testng-results>
