<?xml version="1.0" encoding="UTF-8"?>
<testng-results skipped="0" failed="1" ignored="2" total="8" passed="5">
  <reporter-output>
    <line>
      <![CDATA[Test Started:- TC001_testLoginPageTitle]]>
    </line>
    <line>
      <![CDATA[<a href = 'C:\Users\souni_apu\workspace\com.freecrm.uiAutomation\failedScrenShoot_2017_10_15_21_22_52\TC001_testLoginPageTitle__2017_10_15_21_22_52.png' > <img src = 'C:\Users\souni_apu\workspace\com.freecrm.uiAutomation\failedScrenShoot_2017_10_15_21_22_52\TC001_testLoginPageTitle__2017_10_15_21_22_52.png' hight = '150' width = '150' /> <a/>]]>
    </line>
    <line>
      <![CDATA[Test Started:- TC002_testValidLogin]]>
    </line>
    <line>
      <![CDATA[Test Passed:- TC002_testValidLogin]]>
    </line>
    <line>
      <![CDATA[Test Started:- TC001_testHomePageTitle]]>
    </line>
    <line>
      <![CDATA[Test Passed:- TC001_testHomePageTitle]]>
    </line>
    <line>
      <![CDATA[Test Started:- TC001_testContactsPageLebel]]>
    </line>
    <line>
      <![CDATA[Test Passed:- TC001_testContactsPageLebel]]>
    </line>
    <line>
      <![CDATA[Test Started:- TC001_testCreateNewContacts]]>
    </line>
    <line>
      <![CDATA[Test Passed:- TC001_testCreateNewContacts]]>
    </line>
    <line>
      <![CDATA[Test Started:- TC001_testCreateNewContacts]]>
    </line>
    <line>
      <![CDATA[Test Passed:- TC001_testCreateNewContacts]]>
    </line>
  </reporter-output>
  <suite name="Suite" duration-ms="154426" started-at="2017-10-15T15:52:41Z" finished-at="2017-10-15T15:55:15Z">
    <groups>
    </groups>
    <test name="LoginPageTests" duration-ms="27465" started-at="2017-10-15T15:52:41Z" finished-at="2017-10-15T15:53:08Z">
      <class name="com.freecrm.uiAutomation.LoginPageTest.TC002_VerifyLoginWithValidCredentials">
        <test-method status="PASS" signature="TC002_testValidLogin()[pri:0, instance:com.freecrm.uiAutomation.LoginPageTest.TC002_VerifyLoginWithValidCredentials@5b87ed94]" name="TC002_testValidLogin" duration-ms="13569" started-at="2017-10-15T21:22:52Z" finished-at="2017-10-15T21:23:06Z">
          <reporter-output>
            <line>
              <![CDATA[Test Started:- TC002_testValidLogin]]>
            </line>
            <line>
              <![CDATA[Test Passed:- TC002_testValidLogin]]>
            </line>
          </reporter-output>
        </test-method> <!-- TC002_testValidLogin -->
      </class> <!-- com.freecrm.uiAutomation.LoginPageTest.TC002_VerifyLoginWithValidCredentials -->
      <class name="com.freecrm.uiAutomation.LoginPageTest.TC001_VerifyPageTitle">
        <test-method status="PASS" signature="setUP()[pri:0, instance:com.freecrm.uiAutomation.LoginPageTest.TC001_VerifyPageTitle@7fac631b]" name="setUP" is-config="true" duration-ms="9917" started-at="2017-10-15T21:22:41Z" finished-at="2017-10-15T21:22:50Z">
          <reporter-output>
          </reporter-output>
        </test-method> <!-- setUP -->
        <test-method status="FAIL" signature="TC001_testLoginPageTitle()[pri:0, instance:com.freecrm.uiAutomation.LoginPageTest.TC001_VerifyPageTitle@7fac631b]" name="TC001_testLoginPageTitle" duration-ms="236" started-at="2017-10-15T21:22:50Z" finished-at="2017-10-15T21:22:51Z">
          <exception class="java.lang.AssertionError">
            <message>
              <![CDATA[expected [#1 Free CRM for Any Business: Online Customer Relationship Software1] but found [#1 Free CRM for Any Business: Online Customer Relationship Software]]]>
            </message>
            <full-stacktrace>
              <![CDATA[java.lang.AssertionError: expected [#1 Free CRM for Any Business: Online Customer Relationship Software1] but found [#1 Free CRM for Any Business: Online Customer Relationship Software]
	at org.testng.Assert.fail(Assert.java:93)
	at org.testng.Assert.failNotEquals(Assert.java:512)
	at org.testng.Assert.assertEqualsImpl(Assert.java:134)
	at org.testng.Assert.assertEquals(Assert.java:115)
	at org.testng.Assert.assertEquals(Assert.java:189)
	at org.testng.Assert.assertEquals(Assert.java:199)
	at com.freecrm.uiAutomation.LoginPageTest.TC001_VerifyPageTitle.TC001_testLoginPageTitle(TC001_VerifyPageTitle.java:19)
	at sun.reflect.NativeMethodAccessorImpl.invoke0(Native Method)
	at sun.reflect.NativeMethodAccessorImpl.invoke(NativeMethodAccessorImpl.java:62)
	at sun.reflect.DelegatingMethodAccessorImpl.invoke(DelegatingMethodAccessorImpl.java:43)
	at java.lang.reflect.Method.invoke(Method.java:498)
	at org.testng.internal.MethodInvocationHelper.invokeMethod(MethodInvocationHelper.java:108)
	at org.testng.internal.Invoker.invokeMethod(Invoker.java:661)
	at org.testng.internal.Invoker.invokeTestMethod(Invoker.java:869)
	at org.testng.internal.Invoker.invokeTestMethods(Invoker.java:1193)
	at org.testng.internal.TestMethodWorker.invokeTestMethods(TestMethodWorker.java:126)
	at org.testng.internal.TestMethodWorker.run(TestMethodWorker.java:109)
	at org.testng.TestRunner.privateRun(TestRunner.java:744)
	at org.testng.TestRunner.run(TestRunner.java:602)
	at org.testng.SuiteRunner.runTest(SuiteRunner.java:380)
	at org.testng.SuiteRunner.runSequentially(SuiteRunner.java:375)
	at org.testng.SuiteRunner.privateRun(SuiteRunner.java:340)
	at org.testng.SuiteRunner.run(SuiteRunner.java:289)
	at org.testng.SuiteRunnerWorker.runSuite(SuiteRunnerWorker.java:52)
	at org.testng.SuiteRunnerWorker.run(SuiteRunnerWorker.java:86)
	at org.testng.TestNG.runSuitesSequentially(TestNG.java:1301)
	at org.testng.TestNG.runSuitesLocally(TestNG.java:1226)
	at org.testng.TestNG.runSuites(TestNG.java:1144)
	at org.testng.TestNG.run(TestNG.java:1115)
	at org.testng.remote.AbstractRemoteTestNG.run(AbstractRemoteTestNG.java:132)
	at org.testng.remote.RemoteTestNG.initAndRun(RemoteTestNG.java:230)
	at org.testng.remote.RemoteTestNG.main(RemoteTestNG.java:76)
]]>
            </full-stacktrace>
          </exception> <!-- java.lang.AssertionError -->
          <reporter-output>
            <line>
              <![CDATA[Test Started:- TC001_testLoginPageTitle]]>
            </line>
            <line>
              <![CDATA[<a href = 'C:\Users\souni_apu\workspace\com.freecrm.uiAutomation\failedScrenShoot_2017_10_15_21_22_52\TC001_testLoginPageTitle__2017_10_15_21_22_52.png' > <img src = 'C:\Users\souni_apu\workspace\com.freecrm.uiAutomation\failedScrenShoot_2017_10_15_21_22_52\TC001_testLoginPageTitle__2017_10_15_21_22_52.png' hight = '150' width = '150' /> <a/>]]>
            </line>
          </reporter-output>
        </test-method> <!-- TC001_testLoginPageTitle -->
        <test-method status="PASS" signature="tearDown()[pri:0, instance:com.freecrm.uiAutomation.LoginPageTest.TC001_VerifyPageTitle@7fac631b]" name="tearDown" is-config="true" duration-ms="2193" started-at="2017-10-15T21:23:06Z" finished-at="2017-10-15T21:23:08Z">
          <reporter-output>
          </reporter-output>
        </test-method> <!-- tearDown -->
      </class> <!-- com.freecrm.uiAutomation.LoginPageTest.TC001_VerifyPageTitle -->
    </test> <!-- LoginPageTests -->
    <test name="HomePageTest" duration-ms="19266" started-at="2017-10-15T15:53:08Z" finished-at="2017-10-15T15:53:27Z">
      <class name="com.freecrm.uiAutomation.HomePageTest.TC001_VerifyHomePageTitle">
        <test-method status="PASS" signature="setUP()[pri:0, instance:com.freecrm.uiAutomation.HomePageTest.TC001_VerifyHomePageTitle@63e2203c]" name="setUP" is-config="true" duration-ms="7770" started-at="2017-10-15T21:23:08Z" finished-at="2017-10-15T21:23:16Z">
          <reporter-output>
          </reporter-output>
        </test-method> <!-- setUP -->
        <test-method status="PASS" signature="TC001_testHomePageTitle()[pri:0, instance:com.freecrm.uiAutomation.HomePageTest.TC001_VerifyHomePageTitle@63e2203c]" name="TC001_testHomePageTitle" duration-ms="9304" started-at="2017-10-15T21:23:16Z" finished-at="2017-10-15T21:23:25Z">
          <reporter-output>
            <line>
              <![CDATA[Test Started:- TC001_testHomePageTitle]]>
            </line>
            <line>
              <![CDATA[Test Passed:- TC001_testHomePageTitle]]>
            </line>
          </reporter-output>
        </test-method> <!-- TC001_testHomePageTitle -->
        <test-method status="PASS" signature="tearDown()[pri:0, instance:com.freecrm.uiAutomation.HomePageTest.TC001_VerifyHomePageTitle@63e2203c]" name="tearDown" is-config="true" duration-ms="2183" started-at="2017-10-15T21:23:25Z" finished-at="2017-10-15T21:23:27Z">
          <reporter-output>
          </reporter-output>
        </test-method> <!-- tearDown -->
      </class> <!-- com.freecrm.uiAutomation.HomePageTest.TC001_VerifyHomePageTitle -->
    </test> <!-- HomePageTest -->
    <test name="ContactsPageTest" duration-ms="20867" started-at="2017-10-15T15:53:27Z" finished-at="2017-10-15T15:53:48Z">
      <class name="com.freecrm.uiAutomation.ContactsPageTest.TC001_VerifyContactsPageLebel">
        <test-method status="PASS" signature="setUP()[pri:0, instance:com.freecrm.uiAutomation.ContactsPageTest.TC001_VerifyContactsPageLebel@4bbfb90a]" name="setUP" is-config="true" duration-ms="8361" started-at="2017-10-15T21:23:27Z" finished-at="2017-10-15T21:23:36Z">
          <reporter-output>
          </reporter-output>
        </test-method> <!-- setUP -->
        <test-method status="PASS" signature="TC001_testContactsPageLebel()[pri:0, instance:com.freecrm.uiAutomation.ContactsPageTest.TC001_VerifyContactsPageLebel@4bbfb90a]" name="TC001_testContactsPageLebel" duration-ms="12292" started-at="2017-10-15T21:23:36Z" finished-at="2017-10-15T21:23:48Z">
          <reporter-output>
            <line>
              <![CDATA[Test Started:- TC001_testContactsPageLebel]]>
            </line>
            <line>
              <![CDATA[Test Passed:- TC001_testContactsPageLebel]]>
            </line>
          </reporter-output>
        </test-method> <!-- TC001_testContactsPageLebel -->
        <test-method status="PASS" signature="tearDown()[pri:0, instance:com.freecrm.uiAutomation.ContactsPageTest.TC001_VerifyContactsPageLebel@4bbfb90a]" name="tearDown" is-config="true" duration-ms="193" started-at="2017-10-15T21:23:48Z" finished-at="2017-10-15T21:23:48Z">
          <reporter-output>
          </reporter-output>
        </test-method> <!-- tearDown -->
      </class> <!-- com.freecrm.uiAutomation.ContactsPageTest.TC001_VerifyContactsPageLebel -->
    </test> <!-- ContactsPageTest -->
    <test name="NewContactsPageTest" duration-ms="86676" started-at="2017-10-15T15:53:48Z" finished-at="2017-10-15T15:55:15Z">
      <class name="com.freecrm.uiAutomation.NewContactsPageTest.TC001_CreateNewContacts">
        <test-method status="PASS" signature="setUP()[pri:0, instance:com.freecrm.uiAutomation.NewContactsPageTest.TC001_CreateNewContacts@4f063c0a]" name="setUP" is-config="true" duration-ms="8659" started-at="2017-10-15T21:23:48Z" finished-at="2017-10-15T21:23:57Z">
          <reporter-output>
          </reporter-output>
        </test-method> <!-- setUP -->
        <test-method status="PASS" signature="TC001_testCreateNewContacts(java.lang.String, java.lang.String, java.lang.String)[pri:0, instance:com.freecrm.uiAutomation.NewContactsPageTest.TC001_CreateNewContacts@4f063c0a]" name="TC001_testCreateNewContacts" duration-ms="37218" started-at="2017-10-15T21:23:59Z" data-provider="getData" finished-at="2017-10-15T21:24:36Z">
          <params>
            <param index="0">
              <value>
                <![CDATA[Mr.]]>
              </value>
            </param>
            <param index="1">
              <value>
                <![CDATA[Souni]]>
              </value>
            </param>
            <param index="2">
              <value>
                <![CDATA[Banerjee]]>
              </value>
            </param>
          </params>
          <reporter-output>
            <line>
              <![CDATA[Test Started:- TC001_testCreateNewContacts]]>
            </line>
            <line>
              <![CDATA[Test Passed:- TC001_testCreateNewContacts]]>
            </line>
          </reporter-output>
        </test-method> <!-- TC001_testCreateNewContacts -->
        <test-method status="PASS" signature="TC001_testCreateNewContacts(java.lang.String, java.lang.String, java.lang.String)[pri:0, instance:com.freecrm.uiAutomation.NewContactsPageTest.TC001_CreateNewContacts@4f063c0a]" name="TC001_testCreateNewContacts" duration-ms="38398" started-at="2017-10-15T21:24:36Z" data-provider="getData" finished-at="2017-10-15T21:25:15Z">
          <params>
            <param index="0">
              <value>
                <![CDATA[Dr.]]>
              </value>
            </param>
            <param index="1">
              <value>
                <![CDATA[Shamik]]>
              </value>
            </param>
            <param index="2">
              <value>
                <![CDATA[Sen]]>
              </value>
            </param>
          </params>
          <reporter-output>
            <line>
              <![CDATA[Test Started:- TC001_testCreateNewContacts]]>
            </line>
            <line>
              <![CDATA[Test Passed:- TC001_testCreateNewContacts]]>
            </line>
          </reporter-output>
        </test-method> <!-- TC001_testCreateNewContacts -->
        <test-method status="PASS" signature="tearDown()[pri:0, instance:com.freecrm.uiAutomation.NewContactsPageTest.TC001_CreateNewContacts@4f063c0a]" name="tearDown" is-config="true" duration-ms="183" started-at="2017-10-15T21:25:15Z" finished-at="2017-10-15T21:25:15Z">
          <reporter-output>
          </reporter-output>
        </test-method> <!-- tearDown -->
      </class> <!-- com.freecrm.uiAutomation.NewContactsPageTest.TC001_CreateNewContacts -->
    </test> <!-- NewContactsPageTest -->
  </suite> <!-- Suite -->
</testng-results>
