<?xml version="1.0" encoding="UTF-8"?>
<!-- Generated by org.testng.reporters.JUnitXMLReporter -->
<testsuite hostname="DESKTOP-FR4OI0B" ignored="0" name="HomePageTests" tests="2" failures="0" timestamp="09 Sep 2018 16:44:34 GMT" time="51.105" errors="0">
  <testcase name="TC001_testHomePageTitle" time="9.009" classname="com.freecrm.uiAutomation.HomePageTest.TC001_VerifyHomePageTitle"/>
  <testcase name="TC002_testCreateNewEventFromHomePage" time="18.472" classname="com.freecrm.uiAutomation.HomePageTest.TC002_VerifyCreateNewEventFromHomePage"/>
</testsuite> <!-- HomePageTests -->
