<?xml version="1.0" encoding="UTF-8"?>
<!-- Generated by org.testng.reporters.JUnitXMLReporter -->
<testsuite hostname="DESKTOP-FR4OI0B" ignored="2" name="LoginPageTests" tests="2" failures="1" timestamp="15 Oct 2017 15:53:08 GMT" time="27.465" errors="0">
  <testcase name="TC001_testLoginPageTitle" time="0.236" classname="com.freecrm.uiAutomation.LoginPageTest.TC001_VerifyPageTitle">
    <failure type="java.lang.AssertionError" message="expected [#1 Free CRM for Any Business: Online Customer Relationship Software1] but found [#1 Free CRM for Any Business: Online Customer Relationship Software]">
      <![CDATA[java.lang.AssertionError: expected [#1 Free CRM for Any Business: Online Customer Relationship Software1] but found [#1 Free CRM for Any Business: Online Customer Relationship Software]
	at com.freecrm.uiAutomation.LoginPageTest.TC001_VerifyPageTitle.TC001_testLoginPageTitle(TC001_VerifyPageTitle.java:19)
... Removed 31 stack frames]]>
    </failure>
  </testcase> <!-- TC001_testLoginPageTitle -->
  <testcase name="TC002_testValidLogin" time="13.569" classname="com.freecrm.uiAutomation.LoginPageTest.TC002_VerifyLoginWithValidCredentials"/>
  <testcase name="@BeforeTest setUP" time="0.0" classname="com.freecrm.uiAutomation.base.TestBase">
    <ignored/>
  </testcase> <!-- @BeforeTest setUP -->
  <testcase name="@AfterTest tearDown" time="0.0" classname="com.freecrm.uiAutomation.base.TestBase">
    <ignored/>
  </testcase> <!-- @AfterTest tearDown -->
</testsuite> <!-- LoginPageTests -->
