<?xml version="1.0" encoding="UTF-8"?>
<!-- Generated by org.testng.reporters.JUnitXMLReporter -->
<testsuite hostname="DESKTOP-FR4OI0B" ignored="2" name="LoginPageTests" tests="4" failures="1" timestamp="05 May 2018 10:02:21 GMT" time="85.474" errors="0">
  <testcase name="TC001_testLoginPageTitle" time="0.427" classname="com.freecrm.uiAutomation.LoginPageTest.TC001_VerifyPageTitle">
    <skipped/>
  </testcase> <!-- TC001_testLoginPageTitle -->
  <testcase name="TC001_testLoginPageTitle" time="0.043" classname="com.freecrm.uiAutomation.LoginPageTest.TC001_VerifyPageTitle">
    <skipped/>
  </testcase> <!-- TC001_testLoginPageTitle -->
  <testcase name="TC001_testLoginPageTitle" time="0.025" classname="com.freecrm.uiAutomation.LoginPageTest.TC001_VerifyPageTitle">
    <failure type="java.lang.AssertionError" message="expected [#1 Free CRM for Any Business: Online Customer Relationship Software] but found [Free CRM software in the cloud powers sales and customer service]">
      <![CDATA[java.lang.AssertionError: expected [#1 Free CRM for Any Business: Online Customer Relationship Software] but found [Free CRM software in the cloud powers sales and customer service]
	at com.freecrm.uiAutomation.LoginPageTest.TC001_VerifyPageTitle.TC001_testLoginPageTitle(TC001_VerifyPageTitle.java:19)
... Removed 31 stack frames]]>
    </failure>
  </testcase> <!-- TC001_testLoginPageTitle -->
  <testcase name="TC002_testValidLogin" time="18.528" classname="com.freecrm.uiAutomation.LoginPageTest.TC002_VerifyLoginWithValidCredentials"/>
  <testcase name="@BeforeTest setUP" time="0.0" classname="com.freecrm.uiAutomation.base.TestBase">
    <ignored/>
  </testcase> <!-- @BeforeTest setUP -->
  <testcase name="@AfterTest tearDown" time="0.0" classname="com.freecrm.uiAutomation.base.TestBase">
    <ignored/>
  </testcase> <!-- @AfterTest tearDown -->
</testsuite> <!-- LoginPageTests -->
