<?xml version="1.0" encoding="UTF-8"?>
<!-- Generated by org.testng.reporters.JUnitXMLReporter -->
<testsuite hostname="DESKTOP-FR4OI0B" ignored="0" name="Test" tests="1" failures="1" timestamp="15 Oct 2017 15:52:02 GMT" time="12.647" errors="0">
  <testcase name="TC001_testLoginPageTitle" time="0.412" classname="com.freecrm.uiAutomation.LoginPageTest.TC001_VerifyPageTitle">
    <failure type="java.lang.AssertionError" message="expected [#1 Free CRM for Any Business: Online Customer Relationship Software1] but found [#1 Free CRM for Any Business: Online Customer Relationship Software]">
      <![CDATA[java.lang.AssertionError: expected [#1 Free CRM for Any Business: Online Customer Relationship Software1] but found [#1 Free CRM for Any Business: Online Customer Relationship Software]
	at com.freecrm.uiAutomation.LoginPageTest.TC001_VerifyPageTitle.TC001_testLoginPageTitle(TC001_VerifyPageTitle.java:19)
... Removed 31 stack frames]]>
    </failure>
  </testcase> <!-- TC001_testLoginPageTitle -->
</testsuite> <!-- Test -->
